[debug] [2023-12-21T12:59:52.245Z] ----------------------------------------------------------------------
[debug] [2023-12-21T12:59:52.248Z] Command:       C:\Program Files\nodejs\node.exe C:\Users\gfere\AppData\Roaming\npm\node_modules\firebase-tools\lib\bin\firebase.js emulators:start
[debug] [2023-12-21T12:59:52.248Z] CLI Version:   13.0.2
[debug] [2023-12-21T12:59:52.249Z] Platform:      win32
[debug] [2023-12-21T12:59:52.249Z] Node Version:  v20.9.0
[debug] [2023-12-21T12:59:52.249Z] Time:          Thu Dec 21 2023 15:59:52 GMT+0300 (East Africa Time)
[debug] [2023-12-21T12:59:52.249Z] ----------------------------------------------------------------------
[debug] 
[debug] [2023-12-21T12:59:52.421Z] > command requires scopes: ["email","openid","https://www.googleapis.com/auth/cloudplatformprojects.readonly","https://www.googleapis.com/auth/firebase","https://www.googleapis.com/auth/cloud-platform"]
[debug] [2023-12-21T12:59:52.422Z] > authorizing via signed-in user (henoksetegne@gmail.com)
[info] i  emulators: Starting emulators: functions, hosting {"metadata":{"emulator":{"name":"hub"},"message":"Starting emulators: functions, hosting"}}
[debug] [2023-12-21T12:59:52.435Z] [logging] Logging Emulator only supports listening on one address (127.0.0.1). Not listening on ::1
[debug] [2023-12-21T12:59:52.435Z] [hosting] Hosting Emulator only supports listening on one address (127.0.0.1). Not listening on ::1
[warn] !  ui: Emulator UI unable to start on port 4000, starting on 4001 instead. {"metadata":{"emulator":{"name":"ui"},"message":"Emulator UI unable to start on port 4000, starting on 4001 instead."}}
[debug] [2023-12-21T12:59:52.438Z] assigned listening specs for emulators {"user":{"hub":[{"address":"127.0.0.1","family":"IPv4","port":4400},{"address":"::1","family":"IPv6","port":4400}],"logging":[{"address":"127.0.0.1","family":"IPv4","port":4500}],"hosting":[{"address":"127.0.0.1","family":"IPv4","port":5000}],"ui":[{"address":"127.0.0.1","family":"IPv4","port":4001},{"address":"::1","family":"IPv6","port":4001}]},"metadata":{"message":"assigned listening specs for emulators"}}
[debug] [2023-12-21T12:59:52.451Z] [hub] writing locator at C:\Users\gfere\AppData\Local\Temp\hub-dec-22edb.json
[debug] [2023-12-21T12:59:52.477Z] [functions] Functions Emulator only supports listening on one address (127.0.0.1). Not listening on ::1
[debug] [2023-12-21T12:59:52.478Z] [eventarc] Eventarc Emulator only supports listening on one address (127.0.0.1). Not listening on ::1
[debug] [2023-12-21T12:59:52.478Z] late-assigned ports for functions and eventarc emulators {"user":{"hub":[{"address":"127.0.0.1","family":"IPv4","port":4400},{"address":"::1","family":"IPv6","port":4400}],"logging":[{"address":"127.0.0.1","family":"IPv4","port":4500}],"hosting":[{"address":"127.0.0.1","family":"IPv4","port":5000}],"ui":[{"address":"127.0.0.1","family":"IPv4","port":4001},{"address":"::1","family":"IPv6","port":4001}],"functions":[{"address":"127.0.0.1","family":"IPv4","port":5001}],"eventarc":[{"address":"127.0.0.1","family":"IPv4","port":9299}]},"metadata":{"message":"late-assigned ports for functions and eventarc emulators"}}
[warn] !  functions: The following emulators are not running, calls to these services from the Functions emulator will affect production: auth, firestore, database, pubsub, storage {"metadata":{"emulator":{"name":"functions"},"message":"The following emulators are not running, calls to these services from the Functions emulator will affect production: \u001b[1mauth, firestore, database, pubsub, storage\u001b[22m"}}
[debug] [2023-12-21T12:59:52.483Z] defaultcredentials: writing to file C:\Users\gfere\AppData\Roaming\firebase\henoksetegne_gmail_com_application_default_credentials.json
[debug] [2023-12-21T12:59:52.486Z] Setting GAC to C:\Users\gfere\AppData\Roaming\firebase\henoksetegne_gmail_com_application_default_credentials.json {"metadata":{"emulator":{"name":"functions"},"message":"Setting GAC to C:\\Users\\gfere\\AppData\\Roaming\\firebase\\henoksetegne_gmail_com_application_default_credentials.json"}}
[debug] [2023-12-21T12:59:52.488Z] > refreshing access token with scopes: []
[debug] [2023-12-21T12:59:52.490Z] >>> [apiv2][query] POST https://www.googleapis.com/oauth2/v3/token [none]
[debug] [2023-12-21T12:59:52.490Z] >>> [apiv2][body] POST https://www.googleapis.com/oauth2/v3/token [omitted]
[debug] [2023-12-21T12:59:53.165Z] <<< [apiv2][status] POST https://www.googleapis.com/oauth2/v3/token 200
[debug] [2023-12-21T12:59:53.165Z] <<< [apiv2][body] POST https://www.googleapis.com/oauth2/v3/token [omitted]
[debug] [2023-12-21T12:59:53.178Z] >>> [apiv2][query] GET https://firebase.googleapis.com/v1beta1/projects/dec-22edb/adminSdkConfig [none]
[debug] [2023-12-21T12:59:53.905Z] <<< [apiv2][status] GET https://firebase.googleapis.com/v1beta1/projects/dec-22edb/adminSdkConfig 200
[debug] [2023-12-21T12:59:53.906Z] <<< [apiv2][body] GET https://firebase.googleapis.com/v1beta1/projects/dec-22edb/adminSdkConfig {"projectId":"dec-22edb","storageBucket":"dec-22edb.appspot.com"}
[debug] [2023-12-21T12:59:53.925Z] >>> [apiv2][query] GET https://firebasehosting.googleapis.com/v1beta1/projects/dec-22edb/sites 
[debug] [2023-12-21T12:59:55.883Z] <<< [apiv2][status] GET https://firebasehosting.googleapis.com/v1beta1/projects/dec-22edb/sites 200
[debug] [2023-12-21T12:59:55.884Z] <<< [apiv2][body] GET https://firebasehosting.googleapis.com/v1beta1/projects/dec-22edb/sites {"sites":[{"name":"projects/dec-22edb/sites/dec-22edb","defaultUrl":"https://dec-22edb.web.app","type":"DEFAULT_SITE"}]}
[debug] [2023-12-21T12:59:55.884Z] >>> [apiv2][query] GET https://firebase.googleapis.com/v1beta1/projects/dec-22edb/webApps/-/config [none]
[debug] [2023-12-21T12:59:56.726Z] <<< [apiv2][status] GET https://firebase.googleapis.com/v1beta1/projects/dec-22edb/webApps/-/config 200
[debug] [2023-12-21T12:59:56.726Z] <<< [apiv2][body] GET https://firebase.googleapis.com/v1beta1/projects/dec-22edb/webApps/-/config {"projectId":"dec-22edb","appId":"1:24161255129:web:7a862a18324ed952b148c8","storageBucket":"dec-22edb.appspot.com","apiKey":"AIzaSyCWMj4nTzAZXrm8CZkbDqPsbJ27otuaGHs","authDomain":"dec-22edb.firebaseapp.com","messagingSenderId":"24161255129"}
[debug] [2023-12-21T12:59:56.729Z] >>> [apiv2][query] GET https://firebase.googleapis.com/v1beta1/projects/dec-22edb [none]
[debug] [2023-12-21T12:59:57.110Z] <<< [apiv2][status] GET https://firebase.googleapis.com/v1beta1/projects/dec-22edb 200
[debug] [2023-12-21T12:59:57.110Z] <<< [apiv2][body] GET https://firebase.googleapis.com/v1beta1/projects/dec-22edb {"projectId":"dec-22edb","projectNumber":"24161255129","displayName":"Amazon-Dec","name":"projects/dec-22edb","resources":{"hostingSite":"dec-22edb"},"state":"ACTIVE","etag":"1_7c07ec72-5280-49f2-8cd7-6c0ce1de2f2b"}
[info] i  hosting[dec-22edb]: Serving hosting files from: build {"metadata":{"emulator":{"name":"hosting"},"message":"Serving hosting files from: \u001b[1mbuild\u001b[22m"}}
[info] +  hosting[dec-22edb]: Local server: http://127.0.0.1:5000 {"metadata":{"emulator":{"name":"hosting"},"message":"Local server: \u001b[4m\u001b[1mhttp://127.0.0.1:5000\u001b[22m\u001b[24m"}}
[debug] [2023-12-21T12:59:57.128Z] Ignoring unsupported arg: auto_download {"metadata":{"emulator":{"name":"ui"},"message":"Ignoring unsupported arg: auto_download"}}
[debug] [2023-12-21T12:59:57.128Z] Ignoring unsupported arg: port {"metadata":{"emulator":{"name":"ui"},"message":"Ignoring unsupported arg: port"}}
[debug] [2023-12-21T12:59:57.128Z] Starting Emulator UI with command {"binary":"node","args":["C:\\Users\\gfere\\.cache\\firebase\\emulators\\ui-v1.11.7\\server\\server.js"],"optionalArgs":[],"joinArgs":false} {"metadata":{"emulator":{"name":"ui"},"message":"Starting Emulator UI with command {\"binary\":\"node\",\"args\":[\"C:\\\\Users\\\\gfere\\\\.cache\\\\firebase\\\\emulators\\\\ui-v1.11.7\\\\server\\\\server.js\"],\"optionalArgs\":[],\"joinArgs\":false}"}}
[info] i  ui: Emulator UI logging to ui-debug.log {"metadata":{"emulator":{"name":"ui"},"message":"Emulator UI logging to \u001b[1mui-debug.log\u001b[22m"}}
[debug] [2023-12-21T12:59:57.288Z] Web / API server started at 127.0.0.1:4001
 {"metadata":{"emulator":{"name":"ui"},"message":"Web / API server started at 127.0.0.1:4001\n"}}
[debug] [2023-12-21T12:59:57.288Z] Web / API server started at ::1:4001
 {"metadata":{"emulator":{"name":"ui"},"message":"Web / API server started at ::1:4001\n"}}
[info] i  functions: Watching "C:\Users\gfere\OneDrive\Desktop\Evangadi\AmazonCloneApp\amazon-front\functions" for Cloud Functions... {"metadata":{"emulator":{"name":"functions"},"message":"Watching \"C:\\Users\\gfere\\OneDrive\\Desktop\\Evangadi\\AmazonCloneApp\\amazon-front\\functions\" for Cloud Functions..."}}
[debug] [2023-12-21T12:59:57.407Z] Validating nodejs source
[debug] [2023-12-21T13:00:00.253Z] > [functions] package.json contents: {
  "name": "functions",
  "description": "Cloud Functions for Firebase",
  "scripts": {
    "lint": "eslint .",
    "serve": "firebase emulators:start --only functions",
    "shell": "firebase functions:shell",
    "start": "npm run shell",
    "deploy": "firebase deploy --only functions",
    "logs": "firebase functions:log"
  },
  "engines": {
    "node": "18"
  },
  "main": "index.js",
  "dependencies": {
    "cors": "^2.8.5",
    "express": "^4.18.2",
    "firebase-admin": "^11.8.0",
    "firebase-functions": "^4.3.1",
    "stripe": "^14.9.0"
  },
  "devDependencies": {
    "eslint": "^8.15.0",
    "eslint-config-google": "^0.14.0",
    "firebase-functions-test": "^3.1.0"
  },
  "private": true
}
[debug] [2023-12-21T13:00:00.253Z] Building nodejs source
[debug] [2023-12-21T13:00:00.253Z] Failed to find version of module node: reached end of search path C:\Users\gfere\OneDrive\Desktop\Evangadi\AmazonCloneApp\amazon-front\functions\node_modules
[warn] !  functions: Your requested "node" version "18" doesn't match your global version "20". Using node@20 from host. 
[debug] [2023-12-21T13:00:00.258Z] Could not find functions.yaml. Must use http discovery
[debug] [2023-12-21T13:00:00.265Z] Found firebase-functions binary at 'C:\Users\gfere\OneDrive\Desktop\Evangadi\AmazonCloneApp\amazon-front\functions\node_modules\.bin\firebase-functions'
[info] Serving at port 8680

[debug] [2023-12-21T13:00:00.998Z] Got response from /__/functions.yaml {"endpoints":{"api":{"platform":"gcfv1","availableMemoryMb":null,"timeoutSeconds":null,"minInstances":null,"maxInstances":null,"ingressSettings":null,"serviceAccountEmail":null,"vpc":null,"httpsTrigger":{},"entryPoint":"api"}},"specVersion":"v1alpha1","requiredAPIs":[]}
[info] +  functions: Loaded functions definitions from source: api. {"metadata":{"emulator":{"name":"functions"},"message":"Loaded functions definitions from source: api."}}
[info] +  functions[us-central1-api]: http function initialized (http://127.0.0.1:5001/dec-22edb/us-central1/api). {"metadata":{"emulator":{"name":"functions"},"message":"\u001b[1mhttp\u001b[22m function initialized (http://127.0.0.1:5001/dec-22edb/us-central1/api)."}}
[info] 
┌─────────────────────────────────────────────────────────────┐
│ ✔  All emulators ready! It is now safe to connect your app. │
│ i  View Emulator UI at http://127.0.0.1:4001/               │
└─────────────────────────────────────────────────────────────┘

┌───────────┬────────────────┬─────────────────────────────────┐
│ Emulator  │ Host:Port      │ View in Emulator UI             │
├───────────┼────────────────┼─────────────────────────────────┤
│ Functions │ 127.0.0.1:5001 │ http://127.0.0.1:4001/functions │
├───────────┼────────────────┼─────────────────────────────────┤
│ Hosting   │ 127.0.0.1:5000 │ n/a                             │
└───────────┴────────────────┴─────────────────────────────────┘
  Emulator Hub running at 127.0.0.1:4400
  Other reserved ports: 4500

Issues? Report them at https://github.com/firebase/firebase-tools/issues and attach the *-debug.log files.
 
[debug] [2023-12-21T13:02:01.595Z] [work-queue] {"queuedWork":["/dec-22edb/us-central1/api/payments/create-2023-12-21T13:02:01.595Z"],"queueLength":1,"runningWork":[],"workRunningCount":0}
[debug] [2023-12-21T13:02:01.596Z] [work-queue] {"queuedWork":[],"queueLength":0,"runningWork":["/dec-22edb/us-central1/api/payments/create-2023-12-21T13:02:01.595Z"],"workRunningCount":1}
[debug] [2023-12-21T13:02:01.597Z] Accepted request POST /dec-22edb/us-central1/api/payments/create?total=26527 --> us-central1-api
[debug] [2023-12-21T13:02:01.600Z] [functions] Runtime ready! Sending request! {"metadata":{"emulator":{"name":"functions"},"message":"[functions] Runtime ready! Sending request!"}}
[debug] [2023-12-21T13:02:01.601Z] [functions] Got req.url=/dec-22edb/us-central1/api/payments/create?total=26527, mapping to path=/payments/create?total=26527 {"metadata":{"emulator":{"name":"functions"},"message":"[functions] Got req.url=/dec-22edb/us-central1/api/payments/create?total=26527, mapping to path=/payments/create?total=26527"}}
[debug] [2023-12-21T13:02:01.614Z] [worker-pool] addWorker(us-central1-api) {"metadata":{"emulator":{"name":"functions"},"message":"[worker-pool] addWorker(us-central1-api)"}}
[debug] [2023-12-21T13:02:01.617Z] [worker-pool] Adding worker with key us-central1-api, total=1 {"metadata":{"emulator":{"name":"functions"},"message":"[worker-pool] Adding worker with key us-central1-api, total=1"}}
[debug] [2023-12-21T13:02:01.625Z] [work-queue] {"queuedWork":["/dec-22edb/us-central1/api/payments/create-2023-12-21T13:02:01.625Z"],"queueLength":1,"runningWork":["/dec-22edb/us-central1/api/payments/create-2023-12-21T13:02:01.595Z"],"workRunningCount":1}
[debug] [2023-12-21T13:02:01.626Z] [work-queue] {"queuedWork":[],"queueLength":0,"runningWork":["/dec-22edb/us-central1/api/payments/create-2023-12-21T13:02:01.595Z","/dec-22edb/us-central1/api/payments/create-2023-12-21T13:02:01.625Z"],"workRunningCount":2}
[debug] [2023-12-21T13:02:01.628Z] Accepted request POST /dec-22edb/us-central1/api/payments/create?total=26527 --> us-central1-api
[debug] [2023-12-21T13:02:01.639Z] [functions] Runtime ready! Sending request! {"metadata":{"emulator":{"name":"functions"},"message":"[functions] Runtime ready! Sending request!"}}
[debug] [2023-12-21T13:02:01.640Z] [functions] Got req.url=/dec-22edb/us-central1/api/payments/create?total=26527, mapping to path=/payments/create?total=26527 {"metadata":{"emulator":{"name":"functions"},"message":"[functions] Got req.url=/dec-22edb/us-central1/api/payments/create?total=26527, mapping to path=/payments/create?total=26527"}}
[debug] [2023-12-21T13:02:01.649Z] [worker-pool] addWorker(us-central1-api) {"metadata":{"emulator":{"name":"functions"},"message":"[worker-pool] addWorker(us-central1-api)"}}
[debug] [2023-12-21T13:02:01.649Z] [worker-pool] Adding worker with key us-central1-api, total=2 {"metadata":{"emulator":{"name":"functions"},"message":"[worker-pool] Adding worker with key us-central1-api, total=2"}}
[debug] [2023-12-21T13:02:03.621Z] [runtime-status] [26652] Resolved module firebase-admin {"declared":true,"installed":true,"version":"11.11.1","resolution":"C:\\Users\\gfere\\OneDrive\\Desktop\\Evangadi\\AmazonCloneApp\\amazon-front\\functions\\node_modules\\firebase-admin\\lib\\index.js"} {"metadata":{"emulator":{"name":"functions"},"function":{"name":"us-central1-api"},"extension":{},"message":"[runtime-status] [26652] Resolved module firebase-admin {\"declared\":true,\"installed\":true,\"version\":\"11.11.1\",\"resolution\":\"C:\\\\Users\\\\gfere\\\\OneDrive\\\\Desktop\\\\Evangadi\\\\AmazonCloneApp\\\\amazon-front\\\\functions\\\\node_modules\\\\firebase-admin\\\\lib\\\\index.js\"}"}}
[debug] [2023-12-21T13:02:03.622Z] [runtime-status] [26652] Resolved module firebase-functions {"declared":true,"installed":true,"version":"4.5.0","resolution":"C:\\Users\\gfere\\OneDrive\\Desktop\\Evangadi\\AmazonCloneApp\\amazon-front\\functions\\node_modules\\firebase-functions\\lib\\v1\\index.js"} {"metadata":{"emulator":{"name":"functions"},"function":{"name":"us-central1-api"},"extension":{},"message":"[runtime-status] [26652] Resolved module firebase-functions {\"declared\":true,\"installed\":true,\"version\":\"4.5.0\",\"resolution\":\"C:\\\\Users\\\\gfere\\\\OneDrive\\\\Desktop\\\\Evangadi\\\\AmazonCloneApp\\\\amazon-front\\\\functions\\\\node_modules\\\\firebase-functions\\\\lib\\\\v1\\\\index.js\"}"}}
[debug] [2023-12-21T13:02:03.623Z] [runtime-status] [26652] Outgoing network have been stubbed. [{"name":"http","status":"mocked"},{"name":"http","status":"mocked"},{"name":"https","status":"mocked"},{"name":"https","status":"mocked"},{"name":"net","status":"mocked"}] {"metadata":{"emulator":{"name":"functions"},"function":{"name":"us-central1-api"},"extension":{},"message":"[runtime-status] [26652] Outgoing network have been stubbed. [{\"name\":\"http\",\"status\":\"mocked\"},{\"name\":\"http\",\"status\":\"mocked\"},{\"name\":\"https\",\"status\":\"mocked\"},{\"name\":\"https\",\"status\":\"mocked\"},{\"name\":\"net\",\"status\":\"mocked\"}]"}}
[debug] [2023-12-21T13:02:03.625Z] [runtime-status] [26652] Resolved module firebase-functions {"declared":true,"installed":true,"version":"4.5.0","resolution":"C:\\Users\\gfere\\OneDrive\\Desktop\\Evangadi\\AmazonCloneApp\\amazon-front\\functions\\node_modules\\firebase-functions\\lib\\v1\\index.js"} {"metadata":{"emulator":{"name":"functions"},"function":{"name":"us-central1-api"},"extension":{},"message":"[runtime-status] [26652] Resolved module firebase-functions {\"declared\":true,\"installed\":true,\"version\":\"4.5.0\",\"resolution\":\"C:\\\\Users\\\\gfere\\\\OneDrive\\\\Desktop\\\\Evangadi\\\\AmazonCloneApp\\\\amazon-front\\\\functions\\\\node_modules\\\\firebase-functions\\\\lib\\\\v1\\\\index.js\"}"}}
[debug] [2023-12-21T13:02:03.691Z] [runtime-status] [13760] Resolved module firebase-admin {"declared":true,"installed":true,"version":"11.11.1","resolution":"C:\\Users\\gfere\\OneDrive\\Desktop\\Evangadi\\AmazonCloneApp\\amazon-front\\functions\\node_modules\\firebase-admin\\lib\\index.js"} {"metadata":{"emulator":{"name":"functions"},"function":{"name":"us-central1-api"},"extension":{},"message":"[runtime-status] [13760] Resolved module firebase-admin {\"declared\":true,\"installed\":true,\"version\":\"11.11.1\",\"resolution\":\"C:\\\\Users\\\\gfere\\\\OneDrive\\\\Desktop\\\\Evangadi\\\\AmazonCloneApp\\\\amazon-front\\\\functions\\\\node_modules\\\\firebase-admin\\\\lib\\\\index.js\"}"}}
[debug] [2023-12-21T13:02:03.693Z] [runtime-status] [13760] Resolved module firebase-functions {"declared":true,"installed":true,"version":"4.5.0","resolution":"C:\\Users\\gfere\\OneDrive\\Desktop\\Evangadi\\AmazonCloneApp\\amazon-front\\functions\\node_modules\\firebase-functions\\lib\\v1\\index.js"} {"metadata":{"emulator":{"name":"functions"},"function":{"name":"us-central1-api"},"extension":{},"message":"[runtime-status] [13760] Resolved module firebase-functions {\"declared\":true,\"installed\":true,\"version\":\"4.5.0\",\"resolution\":\"C:\\\\Users\\\\gfere\\\\OneDrive\\\\Desktop\\\\Evangadi\\\\AmazonCloneApp\\\\amazon-front\\\\functions\\\\node_modules\\\\firebase-functions\\\\lib\\\\v1\\\\index.js\"}"}}
[debug] [2023-12-21T13:02:03.694Z] [runtime-status] [13760] Outgoing network have been stubbed. [{"name":"http","status":"mocked"},{"name":"http","status":"mocked"},{"name":"https","status":"mocked"},{"name":"https","status":"mocked"},{"name":"net","status":"mocked"}] {"metadata":{"emulator":{"name":"functions"},"function":{"name":"us-central1-api"},"extension":{},"message":"[runtime-status] [13760] Outgoing network have been stubbed. [{\"name\":\"http\",\"status\":\"mocked\"},{\"name\":\"http\",\"status\":\"mocked\"},{\"name\":\"https\",\"status\":\"mocked\"},{\"name\":\"https\",\"status\":\"mocked\"},{\"name\":\"net\",\"status\":\"mocked\"}]"}}
[debug] [2023-12-21T13:02:03.695Z] [runtime-status] [13760] Resolved module firebase-functions {"declared":true,"installed":true,"version":"4.5.0","resolution":"C:\\Users\\gfere\\OneDrive\\Desktop\\Evangadi\\AmazonCloneApp\\amazon-front\\functions\\node_modules\\firebase-functions\\lib\\v1\\index.js"} {"metadata":{"emulator":{"name":"functions"},"function":{"name":"us-central1-api"},"extension":{},"message":"[runtime-status] [13760] Resolved module firebase-functions {\"declared\":true,\"installed\":true,\"version\":\"4.5.0\",\"resolution\":\"C:\\\\Users\\\\gfere\\\\OneDrive\\\\Desktop\\\\Evangadi\\\\AmazonCloneApp\\\\amazon-front\\\\functions\\\\node_modules\\\\firebase-functions\\\\lib\\\\v1\\\\index.js\"}"}}
[debug] [2023-12-21T13:02:04.002Z] [runtime-status] [26652] Checked functions.config() {"config":{}} {"metadata":{"emulator":{"name":"functions"},"function":{"name":"us-central1-api"},"extension":{},"message":"[runtime-status] [26652] Checked functions.config() {\"config\":{}}"}}
[debug] [2023-12-21T13:02:04.003Z] [runtime-status] [26652] firebase-functions has been stubbed. {"functionsResolution":{"declared":true,"installed":true,"version":"4.5.0","resolution":"C:\\Users\\gfere\\OneDrive\\Desktop\\Evangadi\\AmazonCloneApp\\amazon-front\\functions\\node_modules\\firebase-functions\\lib\\v1\\index.js"}} {"metadata":{"emulator":{"name":"functions"},"function":{"name":"us-central1-api"},"extension":{},"message":"[runtime-status] [26652] firebase-functions has been stubbed. {\"functionsResolution\":{\"declared\":true,\"installed\":true,\"version\":\"4.5.0\",\"resolution\":\"C:\\\\Users\\\\gfere\\\\OneDrive\\\\Desktop\\\\Evangadi\\\\AmazonCloneApp\\\\amazon-front\\\\functions\\\\node_modules\\\\firebase-functions\\\\lib\\\\v1\\\\index.js\"}}"}}
[debug] [2023-12-21T13:02:04.004Z] [runtime-status] [26652] Resolved module firebase-functions {"declared":true,"installed":true,"version":"4.5.0","resolution":"C:\\Users\\gfere\\OneDrive\\Desktop\\Evangadi\\AmazonCloneApp\\amazon-front\\functions\\node_modules\\firebase-functions\\lib\\v1\\index.js"} {"metadata":{"emulator":{"name":"functions"},"function":{"name":"us-central1-api"},"extension":{},"message":"[runtime-status] [26652] Resolved module firebase-functions {\"declared\":true,\"installed\":true,\"version\":\"4.5.0\",\"resolution\":\"C:\\\\Users\\\\gfere\\\\OneDrive\\\\Desktop\\\\Evangadi\\\\AmazonCloneApp\\\\amazon-front\\\\functions\\\\node_modules\\\\firebase-functions\\\\lib\\\\v1\\\\index.js\"}"}}
[debug] [2023-12-21T13:02:04.006Z] [runtime-status] [26652] Resolved module firebase-admin {"declared":true,"installed":true,"version":"11.11.1","resolution":"C:\\Users\\gfere\\OneDrive\\Desktop\\Evangadi\\AmazonCloneApp\\amazon-front\\functions\\node_modules\\firebase-admin\\lib\\index.js"} {"metadata":{"emulator":{"name":"functions"},"function":{"name":"us-central1-api"},"extension":{},"message":"[runtime-status] [26652] Resolved module firebase-admin {\"declared\":true,\"installed\":true,\"version\":\"11.11.1\",\"resolution\":\"C:\\\\Users\\\\gfere\\\\OneDrive\\\\Desktop\\\\Evangadi\\\\AmazonCloneApp\\\\amazon-front\\\\functions\\\\node_modules\\\\firebase-admin\\\\lib\\\\index.js\"}"}}
[debug] [2023-12-21T13:02:04.010Z] [runtime-status] [26652] Resolved module firebase-functions {"declared":true,"installed":true,"version":"4.5.0","resolution":"C:\\Users\\gfere\\OneDrive\\Desktop\\Evangadi\\AmazonCloneApp\\amazon-front\\functions\\node_modules\\firebase-functions\\lib\\v1\\index.js"} {"metadata":{"emulator":{"name":"functions"},"function":{"name":"us-central1-api"},"extension":{},"message":"[runtime-status] [26652] Resolved module firebase-functions {\"declared\":true,\"installed\":true,\"version\":\"4.5.0\",\"resolution\":\"C:\\\\Users\\\\gfere\\\\OneDrive\\\\Desktop\\\\Evangadi\\\\AmazonCloneApp\\\\amazon-front\\\\functions\\\\node_modules\\\\firebase-functions\\\\lib\\\\v1\\\\index.js\"}"}}
[debug] [2023-12-21T13:02:04.011Z] [runtime-status] [26652] firebase-admin has been stubbed. {"adminResolution":{"declared":true,"installed":true,"version":"11.11.1","resolution":"C:\\Users\\gfere\\OneDrive\\Desktop\\Evangadi\\AmazonCloneApp\\amazon-front\\functions\\node_modules\\firebase-admin\\lib\\index.js"}} {"metadata":{"emulator":{"name":"functions"},"function":{"name":"us-central1-api"},"extension":{},"message":"[runtime-status] [26652] firebase-admin has been stubbed. {\"adminResolution\":{\"declared\":true,\"installed\":true,\"version\":\"11.11.1\",\"resolution\":\"C:\\\\Users\\\\gfere\\\\OneDrive\\\\Desktop\\\\Evangadi\\\\AmazonCloneApp\\\\amazon-front\\\\functions\\\\node_modules\\\\firebase-admin\\\\lib\\\\index.js\"}}"}}
[debug] [2023-12-21T13:02:04.058Z] [runtime-status] [13760] Checked functions.config() {"config":{}} {"metadata":{"emulator":{"name":"functions"},"function":{"name":"us-central1-api"},"extension":{},"message":"[runtime-status] [13760] Checked functions.config() {\"config\":{}}"}}
[debug] [2023-12-21T13:02:04.059Z] [runtime-status] [13760] firebase-functions has been stubbed. {"functionsResolution":{"declared":true,"installed":true,"version":"4.5.0","resolution":"C:\\Users\\gfere\\OneDrive\\Desktop\\Evangadi\\AmazonCloneApp\\amazon-front\\functions\\node_modules\\firebase-functions\\lib\\v1\\index.js"}} {"metadata":{"emulator":{"name":"functions"},"function":{"name":"us-central1-api"},"extension":{},"message":"[runtime-status] [13760] firebase-functions has been stubbed. {\"functionsResolution\":{\"declared\":true,\"installed\":true,\"version\":\"4.5.0\",\"resolution\":\"C:\\\\Users\\\\gfere\\\\OneDrive\\\\Desktop\\\\Evangadi\\\\AmazonCloneApp\\\\amazon-front\\\\functions\\\\node_modules\\\\firebase-functions\\\\lib\\\\v1\\\\index.js\"}}"}}
[debug] [2023-12-21T13:02:04.060Z] [runtime-status] [13760] Resolved module firebase-functions {"declared":true,"installed":true,"version":"4.5.0","resolution":"C:\\Users\\gfere\\OneDrive\\Desktop\\Evangadi\\AmazonCloneApp\\amazon-front\\functions\\node_modules\\firebase-functions\\lib\\v1\\index.js"} {"metadata":{"emulator":{"name":"functions"},"function":{"name":"us-central1-api"},"extension":{},"message":"[runtime-status] [13760] Resolved module firebase-functions {\"declared\":true,\"installed\":true,\"version\":\"4.5.0\",\"resolution\":\"C:\\\\Users\\\\gfere\\\\OneDrive\\\\Desktop\\\\Evangadi\\\\AmazonCloneApp\\\\amazon-front\\\\functions\\\\node_modules\\\\firebase-functions\\\\lib\\\\v1\\\\index.js\"}"}}
[debug] [2023-12-21T13:02:04.061Z] [runtime-status] [13760] Resolved module firebase-admin {"declared":true,"installed":true,"version":"11.11.1","resolution":"C:\\Users\\gfere\\OneDrive\\Desktop\\Evangadi\\AmazonCloneApp\\amazon-front\\functions\\node_modules\\firebase-admin\\lib\\index.js"} {"metadata":{"emulator":{"name":"functions"},"function":{"name":"us-central1-api"},"extension":{},"message":"[runtime-status] [13760] Resolved module firebase-admin {\"declared\":true,\"installed\":true,\"version\":\"11.11.1\",\"resolution\":\"C:\\\\Users\\\\gfere\\\\OneDrive\\\\Desktop\\\\Evangadi\\\\AmazonCloneApp\\\\amazon-front\\\\functions\\\\node_modules\\\\firebase-admin\\\\lib\\\\index.js\"}"}}
[debug] [2023-12-21T13:02:04.064Z] [runtime-status] [13760] Resolved module firebase-functions {"declared":true,"installed":true,"version":"4.5.0","resolution":"C:\\Users\\gfere\\OneDrive\\Desktop\\Evangadi\\AmazonCloneApp\\amazon-front\\functions\\node_modules\\firebase-functions\\lib\\v1\\index.js"} {"metadata":{"emulator":{"name":"functions"},"function":{"name":"us-central1-api"},"extension":{},"message":"[runtime-status] [13760] Resolved module firebase-functions {\"declared\":true,\"installed\":true,\"version\":\"4.5.0\",\"resolution\":\"C:\\\\Users\\\\gfere\\\\OneDrive\\\\Desktop\\\\Evangadi\\\\AmazonCloneApp\\\\amazon-front\\\\functions\\\\node_modules\\\\firebase-functions\\\\lib\\\\v1\\\\index.js\"}"}}
[debug] [2023-12-21T13:02:04.065Z] [runtime-status] [13760] firebase-admin has been stubbed. {"adminResolution":{"declared":true,"installed":true,"version":"11.11.1","resolution":"C:\\Users\\gfere\\OneDrive\\Desktop\\Evangadi\\AmazonCloneApp\\amazon-front\\functions\\node_modules\\firebase-admin\\lib\\index.js"}} {"metadata":{"emulator":{"name":"functions"},"function":{"name":"us-central1-api"},"extension":{},"message":"[runtime-status] [13760] firebase-admin has been stubbed. {\"adminResolution\":{\"declared\":true,\"installed\":true,\"version\":\"11.11.1\",\"resolution\":\"C:\\\\Users\\\\gfere\\\\OneDrive\\\\Desktop\\\\Evangadi\\\\AmazonCloneApp\\\\amazon-front\\\\functions\\\\node_modules\\\\firebase-admin\\\\lib\\\\index.js\"}}"}}
[debug] [2023-12-21T13:02:04.285Z] [runtime-status] [26652] Functions runtime initialized. {"cwd":"C:\\Users\\gfere\\OneDrive\\Desktop\\Evangadi\\AmazonCloneApp\\amazon-front\\functions","node_version":"20.9.0"} {"metadata":{"emulator":{"name":"functions"},"function":{"name":"us-central1-api"},"extension":{},"message":"[runtime-status] [26652] Functions runtime initialized. {\"cwd\":\"C:\\\\Users\\\\gfere\\\\OneDrive\\\\Desktop\\\\Evangadi\\\\AmazonCloneApp\\\\amazon-front\\\\functions\",\"node_version\":\"20.9.0\"}"}}
[debug] [2023-12-21T13:02:04.285Z] [runtime-status] [26652] Listening to port: \\?\pipe\fire_emu_c68c8d9457fd693b {"metadata":{"emulator":{"name":"functions"},"function":{"name":"us-central1-api"},"extension":{},"message":"[runtime-status] [26652] Listening to port: \\\\?\\pipe\\fire_emu_c68c8d9457fd693b"}}
[debug] [2023-12-21T13:02:04.334Z] [runtime-status] [13760] Functions runtime initialized. {"cwd":"C:\\Users\\gfere\\OneDrive\\Desktop\\Evangadi\\AmazonCloneApp\\amazon-front\\functions","node_version":"20.9.0"} {"metadata":{"emulator":{"name":"functions"},"function":{"name":"us-central1-api"},"extension":{},"message":"[runtime-status] [13760] Functions runtime initialized. {\"cwd\":\"C:\\\\Users\\\\gfere\\\\OneDrive\\\\Desktop\\\\Evangadi\\\\AmazonCloneApp\\\\amazon-front\\\\functions\",\"node_version\":\"20.9.0\"}"}}
[debug] [2023-12-21T13:02:04.335Z] [runtime-status] [13760] Listening to port: \\?\pipe\fire_emu_9341c6973bcd0b08 {"metadata":{"emulator":{"name":"functions"},"function":{"name":"us-central1-api"},"extension":{},"message":"[runtime-status] [13760] Listening to port: \\\\?\\pipe\\fire_emu_9341c6973bcd0b08"}}
[debug] [2023-12-21T13:02:04.398Z] [worker-us-central1-api-02748dfd-03d5-417e-8c79-d6804dbef209]: IDLE {"metadata":{"emulator":{"name":"functions"},"function":{"name":"us-central1-api"},"extension":{},"message":"[worker-us-central1-api-02748dfd-03d5-417e-8c79-d6804dbef209]: IDLE"}}
[debug] [2023-12-21T13:02:04.399Z] [worker-pool] submitRequest(triggerId=us-central1-api) {"metadata":{"emulator":{"name":"functions"},"message":"[worker-pool] submitRequest(triggerId=us-central1-api)"}}
[info] i  functions: Beginning execution of "us-central1-api" {"metadata":{"emulator":{"name":"functions"},"function":{"name":"us-central1-api"},"extension":{},"message":"Beginning execution of \"us-central1-api\""}}
[debug] [2023-12-21T13:02:04.400Z] [worker-us-central1-api-02748dfd-03d5-417e-8c79-d6804dbef209]: BUSY {"metadata":{"emulator":{"name":"functions"},"function":{"name":"us-central1-api"},"extension":{},"message":"[worker-us-central1-api-02748dfd-03d5-417e-8c79-d6804dbef209]: BUSY"}}
[debug] [2023-12-21T13:02:04.403Z] [worker-us-central1-api-88b6967a-79a9-4fc2-a145-8d20326a1422]: IDLE {"metadata":{"emulator":{"name":"functions"},"function":{"name":"us-central1-api"},"extension":{},"message":"[worker-us-central1-api-88b6967a-79a9-4fc2-a145-8d20326a1422]: IDLE"}}
[debug] [2023-12-21T13:02:04.403Z] [worker-pool] submitRequest(triggerId=us-central1-api) {"metadata":{"emulator":{"name":"functions"},"message":"[worker-pool] submitRequest(triggerId=us-central1-api)"}}
[info] i  functions: Beginning execution of "us-central1-api" {"metadata":{"emulator":{"name":"functions"},"function":{"name":"us-central1-api"},"extension":{},"message":"Beginning execution of \"us-central1-api\""}}
[debug] [2023-12-21T13:02:04.404Z] [worker-us-central1-api-88b6967a-79a9-4fc2-a145-8d20326a1422]: BUSY {"metadata":{"emulator":{"name":"functions"},"function":{"name":"us-central1-api"},"extension":{},"message":"[worker-us-central1-api-88b6967a-79a9-4fc2-a145-8d20326a1422]: BUSY"}}
[info] >  Payment Request Received for this amount >>>>>>>> 26527 {"user":"Payment Request Received for this amount >>>>>>>> 26527","metadata":{"emulator":{"name":"functions"},"function":{"name":"us-central1-api"},"extension":{},"message":"\u001b[90m> \u001b[39m Payment Request Received for this amount >>>>>>>> 26527"}}
[info] >  Payment Request Received for this amount >>>>>>>> 26527 {"user":"Payment Request Received for this amount >>>>>>>> 26527","metadata":{"emulator":{"name":"functions"},"function":{"name":"us-central1-api"},"extension":{},"message":"\u001b[90m> \u001b[39m Payment Request Received for this amount >>>>>>>> 26527"}}
[debug] [2023-12-21T13:02:05.580Z] Finishing up request with event=pause {"metadata":{"emulator":{"name":"functions"},"function":{"name":"us-central1-api"},"extension":{},"message":"Finishing up request with event=pause"}}
[info] i  functions: Finished "us-central1-api" in 1179.772ms {"metadata":{"emulator":{"name":"functions"},"function":{"name":"us-central1-api"},"extension":{},"message":"Finished \"us-central1-api\" in 1179.772ms"}}
[debug] [2023-12-21T13:02:05.581Z] [worker-us-central1-api-02748dfd-03d5-417e-8c79-d6804dbef209]: IDLE {"metadata":{"emulator":{"name":"functions"},"function":{"name":"us-central1-api"},"extension":{},"message":"[worker-us-central1-api-02748dfd-03d5-417e-8c79-d6804dbef209]: IDLE"}}
[debug] [2023-12-21T13:02:05.581Z] Finishing up request with event=finish {"metadata":{"emulator":{"name":"functions"},"function":{"name":"us-central1-api"},"extension":{},"message":"Finishing up request with event=finish"}}
[debug] [2023-12-21T13:02:05.581Z] Finishing up request with event=close {"metadata":{"emulator":{"name":"functions"},"function":{"name":"us-central1-api"},"extension":{},"message":"Finishing up request with event=close"}}
[debug] [2023-12-21T13:02:05.581Z] [work-queue] {"queuedWork":[],"queueLength":0,"runningWork":["/dec-22edb/us-central1/api/payments/create-2023-12-21T13:02:01.625Z"],"workRunningCount":1}
[debug] [2023-12-21T13:02:05.602Z] Finishing up request with event=pause {"metadata":{"emulator":{"name":"functions"},"function":{"name":"us-central1-api"},"extension":{},"message":"Finishing up request with event=pause"}}
[info] i  functions: Finished "us-central1-api" in 1197.9057ms {"metadata":{"emulator":{"name":"functions"},"function":{"name":"us-central1-api"},"extension":{},"message":"Finished \"us-central1-api\" in 1197.9057ms"}}
[debug] [2023-12-21T13:02:05.603Z] [worker-us-central1-api-88b6967a-79a9-4fc2-a145-8d20326a1422]: IDLE {"metadata":{"emulator":{"name":"functions"},"function":{"name":"us-central1-api"},"extension":{},"message":"[worker-us-central1-api-88b6967a-79a9-4fc2-a145-8d20326a1422]: IDLE"}}
[debug] [2023-12-21T13:02:05.603Z] Finishing up request with event=finish {"metadata":{"emulator":{"name":"functions"},"function":{"name":"us-central1-api"},"extension":{},"message":"Finishing up request with event=finish"}}
[debug] [2023-12-21T13:02:05.603Z] Finishing up request with event=close {"metadata":{"emulator":{"name":"functions"},"function":{"name":"us-central1-api"},"extension":{},"message":"Finishing up request with event=close"}}
[debug] [2023-12-21T13:02:05.603Z] [work-queue] {"queuedWork":[],"queueLength":0,"runningWork":[],"workRunningCount":0}
